{"/home/hieund/Documents/english-tool-fe/backend/db/paths.js": {"path":"/home/hieund/Documents/english-tool-fe/backend/db/paths.js","statementMap":{"0":{"start":{"line":7,"column":18},"end":{"line":7,"column":62}},"1":{"start":{"line":8,"column":13},"end":{"line":8,"column":39}},"2":{"start":{"line":11,"column":21},"end":{"line":11,"column":44}},"3":{"start":{"line":14,"column":18},"end":{"line":14,"column":71}},"4":{"start":{"line":16,"column":32},"end":{"line":16,"column":73}},"5":{"start":{"line":17,"column":32},"end":{"line":17,"column":66}},"6":{"start":{"line":18,"column":32},"end":{"line":18,"column":66}},"7":{"start":{"line":19,"column":32},"end":{"line":19,"column":68}},"8":{"start":{"line":21,"column":32},"end":{"line":21,"column":68}},"9":{"start":{"line":22,"column":32},"end":{"line":22,"column":68}},"10":{"start":{"line":23,"column":32},"end":{"line":23,"column":67}}},"fnMap":{},"branchMap":{"0":{"loc":{"start":{"line":14,"column":18},"end":{"line":14,"column":71}},"type":"cond-expr","locations":[{"start":{"line":14,"column":39},"end":{"line":14,"column":45}},{"start":{"line":14,"column":48},"end":{"line":14,"column":71}}],"line":14}},"s":{"0":2,"1":2,"2":2,"3":2,"4":2,"5":2,"6":2,"7":2,"8":2,"9":2,"10":2},"f":{},"b":{"0":[0,2]},"meta":{"lastBranch":1,"lastFunction":0,"lastStatement":11,"seen":{"s:7:18:7:62":0,"s:8:13:8:39":1,"s:11:21:11:44":2,"s:14:18:14:71":3,"b:14:39:14:45:14:48:14:71":0,"s:16:32:16:73":4,"s:17:32:17:66":5,"s:18:32:18:66":6,"s:19:32:19:68":7,"s:21:32:21:68":8,"s:22:32:22:68":9,"s:23:32:23:67":10}}}
,"/home/hieund/Documents/english-tool-fe/backend/models/UserModels.js": {"path":"/home/hieund/Documents/english-tool-fe/backend/models/UserModels.js","statementMap":{"0":{"start":{"line":4,"column":27},"end":{"line":14,"column":49}},"1":{"start":{"line":13,"column":46},"end":{"line":13,"column":84}},"2":{"start":{"line":17,"column":29},"end":{"line":22,"column":51}},"3":{"start":{"line":21,"column":46},"end":{"line":21,"column":84}},"4":{"start":{"line":25,"column":30},"end":{"line":29,"column":52}},"5":{"start":{"line":28,"column":46},"end":{"line":28,"column":84}},"6":{"start":{"line":32,"column":23},"end":{"line":40,"column":45}},"7":{"start":{"line":39,"column":46},"end":{"line":39,"column":84}},"8":{"start":{"line":43,"column":20},"end":{"line":49,"column":42}},"9":{"start":{"line":52,"column":23},"end":{"line":57,"column":45}},"10":{"start":{"line":59,"column":28},"end":{"line":59,"column":78}},"11":{"start":{"line":60,"column":30},"end":{"line":60,"column":84}},"12":{"start":{"line":61,"column":31},"end":{"line":61,"column":87}},"13":{"start":{"line":62,"column":24},"end":{"line":62,"column":66}},"14":{"start":{"line":63,"column":21},"end":{"line":63,"column":57}},"15":{"start":{"line":64,"column":24},"end":{"line":64,"column":66}}},"fnMap":{"0":{"name":"(anonymous_0)","decl":{"start":{"line":13,"column":40},"end":{"line":13,"column":41}},"loc":{"start":{"line":13,"column":46},"end":{"line":13,"column":84}},"line":13},"1":{"name":"(anonymous_1)","decl":{"start":{"line":21,"column":40},"end":{"line":21,"column":41}},"loc":{"start":{"line":21,"column":46},"end":{"line":21,"column":84}},"line":21},"2":{"name":"(anonymous_2)","decl":{"start":{"line":28,"column":40},"end":{"line":28,"column":41}},"loc":{"start":{"line":28,"column":46},"end":{"line":28,"column":84}},"line":28},"3":{"name":"(anonymous_3)","decl":{"start":{"line":39,"column":40},"end":{"line":39,"column":41}},"loc":{"start":{"line":39,"column":46},"end":{"line":39,"column":84}},"line":39}},"branchMap":{},"s":{"0":3,"1":28,"2":3,"3":4,"4":3,"5":0,"6":3,"7":8,"8":3,"9":3,"10":3,"11":3,"12":3,"13":3,"14":3,"15":3},"f":{"0":28,"1":4,"2":0,"3":8},"b":{},"meta":{"lastBranch":0,"lastFunction":4,"lastStatement":16,"seen":{"s:4:27:14:49":0,"f:13:40:13:41":0,"s:13:46:13:84":1,"s:17:29:22:51":2,"f:21:40:21:41":1,"s:21:46:21:84":3,"s:25:30:29:52":4,"f:28:40:28:41":2,"s:28:46:28:84":5,"s:32:23:40:45":6,"f:39:40:39:41":3,"s:39:46:39:84":7,"s:43:20:49:42":8,"s:52:23:57:45":9,"s:59:28:59:78":10,"s:60:30:60:84":11,"s:61:31:61:87":12,"s:62:24:62:66":13,"s:63:21:63:57":14,"s:64:24:64:66":15}}}
,"/home/hieund/Documents/english-tool-fe/backend/routes/activityLog.js": {"path":"/home/hieund/Documents/english-tool-fe/backend/routes/activityLog.js","statementMap":{"0":{"start":{"line":15,"column":14},"end":{"line":15,"column":23}},"1":{"start":{"line":19,"column":16},"end":{"line":19,"column":54}},"2":{"start":{"line":20,"column":2},"end":{"line":20,"column":null}},"3":{"start":{"line":20,"column":40},"end":{"line":20,"column":null}},"4":{"start":{"line":21,"column":2},"end":{"line":21,"column":null}},"5":{"start":{"line":25,"column":2},"end":{"line":31,"column":null}},"6":{"start":{"line":26,"column":4},"end":{"line":26,"column":null}},"7":{"start":{"line":26,"column":34},"end":{"line":26,"column":null}},"8":{"start":{"line":27,"column":16},"end":{"line":27,"column":57}},"9":{"start":{"line":28,"column":4},"end":{"line":28,"column":null}},"10":{"start":{"line":30,"column":4},"end":{"line":30,"column":null}},"11":{"start":{"line":35,"column":14},"end":{"line":35,"column":31}},"12":{"start":{"line":36,"column":2},"end":{"line":36,"column":null}},"13":{"start":{"line":37,"column":2},"end":{"line":37,"column":null}},"14":{"start":{"line":41,"column":0},"end":{"line":46,"column":null}},"15":{"start":{"line":42,"column":16},"end":{"line":42,"column":52}},"16":{"start":{"line":43,"column":19},"end":{"line":43,"column":33}},"17":{"start":{"line":44,"column":18},"end":{"line":44,"column":35}},"18":{"start":{"line":45,"column":2},"end":{"line":45,"column":null}},"19":{"start":{"line":49,"column":0},"end":{"line":56,"column":null}},"20":{"start":{"line":50,"column":2},"end":{"line":50,"column":null}},"21":{"start":{"line":50,"column":40},"end":{"line":50,"column":null}},"22":{"start":{"line":51,"column":16},"end":{"line":54,"column":39}},"23":{"start":{"line":52,"column":17},"end":{"line":52,"column":36}},"24":{"start":{"line":53,"column":14},"end":{"line":53,"column":36}},"25":{"start":{"line":54,"column":20},"end":{"line":54,"column":38}},"26":{"start":{"line":55,"column":2},"end":{"line":55,"column":null}},"27":{"start":{"line":59,"column":0},"end":{"line":64,"column":null}},"28":{"start":{"line":60,"column":21},"end":{"line":60,"column":75}},"29":{"start":{"line":61,"column":2},"end":{"line":61,"column":null}},"30":{"start":{"line":61,"column":34},"end":{"line":61,"column":null}},"31":{"start":{"line":62,"column":18},"end":{"line":62,"column":37}},"32":{"start":{"line":63,"column":2},"end":{"line":63,"column":null}},"33":{"start":{"line":67,"column":0},"end":{"line":78,"column":null}},"34":{"start":{"line":68,"column":19},"end":{"line":68,"column":33}},"35":{"start":{"line":69,"column":18},"end":{"line":69,"column":35}},"36":{"start":{"line":70,"column":16},"end":{"line":70,"column":61}},"37":{"start":{"line":71,"column":2},"end":{"line":71,"column":null}},"38":{"start":{"line":74,"column":2},"end":{"line":74,"column":null}},"39":{"start":{"line":74,"column":29},"end":{"line":74,"column":null}},"40":{"start":{"line":76,"column":2},"end":{"line":76,"column":null}},"41":{"start":{"line":77,"column":2},"end":{"line":77,"column":null}},"42":{"start":{"line":81,"column":0},"end":{"line":85,"column":null}},"43":{"start":{"line":82,"column":19},"end":{"line":82,"column":33}},"44":{"start":{"line":83,"column":2},"end":{"line":83,"column":null}},"45":{"start":{"line":84,"column":2},"end":{"line":84,"column":null}}},"fnMap":{"0":{"name":"getTodayPath","decl":{"start":{"line":18,"column":9},"end":{"line":18,"column":21}},"loc":{"start":{"line":18,"column":24},"end":{"line":22,"column":null}},"line":18},"1":{"name":"readLog","decl":{"start":{"line":24,"column":9},"end":{"line":24,"column":16}},"loc":{"start":{"line":24,"column":27},"end":{"line":32,"column":null}},"line":24},"2":{"name":"writeLog","decl":{"start":{"line":34,"column":9},"end":{"line":34,"column":17}},"loc":{"start":{"line":34,"column":37},"end":{"line":38,"column":null}},"line":34},"3":{"name":"(anonymous_3)","decl":{"start":{"line":41,"column":16},"end":{"line":41,"column":17}},"loc":{"start":{"line":41,"column":30},"end":{"line":46,"column":1}},"line":41},"4":{"name":"(anonymous_4)","decl":{"start":{"line":49,"column":21},"end":{"line":49,"column":22}},"loc":{"start":{"line":49,"column":35},"end":{"line":56,"column":1}},"line":49},"5":{"name":"(anonymous_5)","decl":{"start":{"line":52,"column":12},"end":{"line":52,"column":13}},"loc":{"start":{"line":52,"column":17},"end":{"line":52,"column":36}},"line":52},"6":{"name":"(anonymous_6)","decl":{"start":{"line":53,"column":9},"end":{"line":53,"column":10}},"loc":{"start":{"line":53,"column":14},"end":{"line":53,"column":36}},"line":53},"7":{"name":"(anonymous_7)","decl":{"start":{"line":54,"column":10},"end":{"line":54,"column":11}},"loc":{"start":{"line":54,"column":20},"end":{"line":54,"column":38}},"line":54},"8":{"name":"(anonymous_8)","decl":{"start":{"line":59,"column":21},"end":{"line":59,"column":22}},"loc":{"start":{"line":59,"column":35},"end":{"line":64,"column":1}},"line":59},"9":{"name":"(anonymous_9)","decl":{"start":{"line":67,"column":17},"end":{"line":67,"column":18}},"loc":{"start":{"line":67,"column":31},"end":{"line":78,"column":1}},"line":67},"10":{"name":"(anonymous_10)","decl":{"start":{"line":81,"column":19},"end":{"line":81,"column":20}},"loc":{"start":{"line":81,"column":33},"end":{"line":85,"column":1}},"line":81}},"branchMap":{"0":{"loc":{"start":{"line":20,"column":2},"end":{"line":20,"column":null}},"type":"if","locations":[{"start":{"line":20,"column":2},"end":{"line":20,"column":null}},{"start":{},"end":{}}],"line":20},"1":{"loc":{"start":{"line":26,"column":4},"end":{"line":26,"column":null}},"type":"if","locations":[{"start":{"line":26,"column":4},"end":{"line":26,"column":null}},{"start":{},"end":{}}],"line":26},"2":{"loc":{"start":{"line":28,"column":11},"end":{"line":28,"column":37}},"type":"cond-expr","locations":[{"start":{"line":28,"column":17},"end":{"line":28,"column":32}},{"start":{"line":28,"column":35},"end":{"line":28,"column":37}}],"line":28},"3":{"loc":{"start":{"line":42,"column":16},"end":{"line":42,"column":52}},"type":"binary-expr","locations":[{"start":{"line":42,"column":16},"end":{"line":42,"column":45}},{"start":{"line":42,"column":49},"end":{"line":42,"column":52}}],"line":42},"4":{"loc":{"start":{"line":50,"column":2},"end":{"line":50,"column":null}},"type":"if","locations":[{"start":{"line":50,"column":2},"end":{"line":50,"column":null}},{"start":{},"end":{}}],"line":50},"5":{"loc":{"start":{"line":61,"column":2},"end":{"line":61,"column":null}},"type":"if","locations":[{"start":{"line":61,"column":2},"end":{"line":61,"column":null}},{"start":{},"end":{}}],"line":61},"6":{"loc":{"start":{"line":74,"column":2},"end":{"line":74,"column":null}},"type":"if","locations":[{"start":{"line":74,"column":2},"end":{"line":74,"column":null}},{"start":{},"end":{}}],"line":74}},"s":{"0":1,"1":4,"2":4,"3":2,"4":4,"5":3,"6":3,"7":1,"8":2,"9":2,"10":0,"11":2,"12":2,"13":2,"14":1,"15":2,"16":2,"17":2,"18":2,"19":1,"20":1,"21":0,"22":1,"23":4,"24":3,"25":4,"26":1,"27":1,"28":1,"29":1,"30":1,"31":0,"32":0,"33":1,"34":1,"35":1,"36":1,"37":1,"38":1,"39":0,"40":1,"41":1,"42":1,"43":1,"44":1,"45":1},"f":{"0":4,"1":3,"2":2,"3":2,"4":1,"5":4,"6":3,"7":4,"8":1,"9":1,"10":1},"b":{"0":[2,2],"1":[1,2],"2":[2,0],"3":[2,2],"4":[0,1],"5":[1,0],"6":[0,1]},"meta":{"lastBranch":7,"lastFunction":11,"lastStatement":46,"seen":{"s:15:14:15:23":0,"f:18:9:18:21":0,"s:19:16:19:54":1,"b:20:2:20:Infinity:undefined:undefined:undefined:undefined":0,"s:20:2:20:Infinity":2,"s:20:40:20:Infinity":3,"s:21:2:21:Infinity":4,"f:24:9:24:16":1,"s:25:2:31:Infinity":5,"b:26:4:26:Infinity:undefined:undefined:undefined:undefined":1,"s:26:4:26:Infinity":6,"s:26:34:26:Infinity":7,"s:27:16:27:57":8,"s:28:4:28:Infinity":9,"b:28:17:28:32:28:35:28:37":2,"s:30:4:30:Infinity":10,"f:34:9:34:17":2,"s:35:14:35:31":11,"s:36:2:36:Infinity":12,"s:37:2:37:Infinity":13,"s:41:0:46:Infinity":14,"f:41:16:41:17":3,"s:42:16:42:52":15,"b:42:16:42:45:42:49:42:52":3,"s:43:19:43:33":16,"s:44:18:44:35":17,"s:45:2:45:Infinity":18,"s:49:0:56:Infinity":19,"f:49:21:49:22":4,"b:50:2:50:Infinity:undefined:undefined:undefined:undefined":4,"s:50:2:50:Infinity":20,"s:50:40:50:Infinity":21,"s:51:16:54:39":22,"f:52:12:52:13":5,"s:52:17:52:36":23,"f:53:9:53:10":6,"s:53:14:53:36":24,"f:54:10:54:11":7,"s:54:20:54:38":25,"s:55:2:55:Infinity":26,"s:59:0:64:Infinity":27,"f:59:21:59:22":8,"s:60:21:60:75":28,"b:61:2:61:Infinity:undefined:undefined:undefined:undefined":5,"s:61:2:61:Infinity":29,"s:61:34:61:Infinity":30,"s:62:18:62:37":31,"s:63:2:63:Infinity":32,"s:67:0:78:Infinity":33,"f:67:17:67:18":9,"s:68:19:68:33":34,"s:69:18:69:35":35,"s:70:16:70:61":36,"s:71:2:71:Infinity":37,"b:74:2:74:Infinity:undefined:undefined:undefined:undefined":6,"s:74:2:74:Infinity":38,"s:74:29:74:Infinity":39,"s:76:2:76:Infinity":40,"s:77:2:77:Infinity":41,"s:81:0:85:Infinity":42,"f:81:19:81:20":10,"s:82:19:82:33":43,"s:83:2:83:Infinity":44,"s:84:2:84:Infinity":45}}}
,"/home/hieund/Documents/english-tool-fe/backend/routes/listening.js": {"path":"/home/hieund/Documents/english-tool-fe/backend/routes/listening.js","statementMap":{"0":{"start":{"line":4,"column":14},"end":{"line":4,"column":23}},"1":{"start":{"line":6,"column":0},"end":{"line":11,"column":null}},"2":{"start":{"line":7,"column":17},"end":{"line":7,"column":33}},"3":{"start":{"line":8,"column":2},"end":{"line":8,"column":null}},"4":{"start":{"line":8,"column":23},"end":{"line":8,"column":null}},"5":{"start":{"line":8,"column":57},"end":{"line":8,"column":84}},"6":{"start":{"line":9,"column":2},"end":{"line":9,"column":null}},"7":{"start":{"line":10,"column":2},"end":{"line":10,"column":null}},"8":{"start":{"line":13,"column":0},"end":{"line":18,"column":null}},"9":{"start":{"line":14,"column":19},"end":{"line":14,"column":35}},"10":{"start":{"line":15,"column":15},"end":{"line":15,"column":94}},"11":{"start":{"line":15,"column":35},"end":{"line":15,"column":93}},"12":{"start":{"line":16,"column":2},"end":{"line":16,"column":null}},"13":{"start":{"line":16,"column":13},"end":{"line":16,"column":null}},"14":{"start":{"line":17,"column":2},"end":{"line":17,"column":null}}},"fnMap":{"0":{"name":"(anonymous_0)","decl":{"start":{"line":6,"column":16},"end":{"line":6,"column":17}},"loc":{"start":{"line":6,"column":30},"end":{"line":11,"column":1}},"line":6},"1":{"name":"(anonymous_1)","decl":{"start":{"line":8,"column":52},"end":{"line":8,"column":53}},"loc":{"start":{"line":8,"column":57},"end":{"line":8,"column":84}},"line":8},"2":{"name":"(anonymous_2)","decl":{"start":{"line":13,"column":19},"end":{"line":13,"column":20}},"loc":{"start":{"line":13,"column":33},"end":{"line":18,"column":1}},"line":13},"3":{"name":"(anonymous_3)","decl":{"start":{"line":15,"column":30},"end":{"line":15,"column":31}},"loc":{"start":{"line":15,"column":35},"end":{"line":15,"column":93}},"line":15}},"branchMap":{"0":{"loc":{"start":{"line":8,"column":2},"end":{"line":8,"column":null}},"type":"if","locations":[{"start":{"line":8,"column":2},"end":{"line":8,"column":null}},{"start":{},"end":{}}],"line":8},"1":{"loc":{"start":{"line":15,"column":35},"end":{"line":15,"column":93}},"type":"binary-expr","locations":[{"start":{"line":15,"column":35},"end":{"line":15,"column":65}},{"start":{"line":15,"column":69},"end":{"line":15,"column":93}}],"line":15},"2":{"loc":{"start":{"line":16,"column":2},"end":{"line":16,"column":null}},"type":"if","locations":[{"start":{"line":16,"column":2},"end":{"line":16,"column":null}},{"start":{},"end":{}}],"line":16}},"s":{"0":1,"1":1,"2":25,"3":25,"4":19,"5":272,"6":25,"7":25,"8":1,"9":10,"10":10,"11":24,"12":10,"13":2,"14":8},"f":{"0":25,"1":272,"2":10,"3":24},"b":{"0":[19,6],"1":[24,19],"2":[2,8]},"meta":{"lastBranch":3,"lastFunction":4,"lastStatement":15,"seen":{"s:4:14:4:23":0,"s:6:0:11:Infinity":1,"f:6:16:6:17":0,"s:7:17:7:33":2,"b:8:2:8:Infinity:undefined:undefined:undefined:undefined":0,"s:8:2:8:Infinity":3,"s:8:23:8:Infinity":4,"f:8:52:8:53":1,"s:8:57:8:84":5,"s:9:2:9:Infinity":6,"s:10:2:10:Infinity":7,"s:13:0:18:Infinity":8,"f:13:19:13:20":2,"s:14:19:14:35":9,"s:15:15:15:94":10,"f:15:30:15:31":3,"s:15:35:15:93":11,"b:15:35:15:65:15:69:15:93":1,"b:16:2:16:Infinity:undefined:undefined:undefined:undefined":2,"s:16:2:16:Infinity":12,"s:16:13:16:Infinity":13,"s:17:2:17:Infinity":14}}}
,"/home/hieund/Documents/english-tool-fe/backend/routes/userData.js": {"path":"/home/hieund/Documents/english-tool-fe/backend/routes/userData.js","statementMap":{"0":{"start":{"line":12,"column":14},"end":{"line":12,"column":44}},"1":{"start":{"line":14,"column":18},"end":{"line":21,"column":1}},"2":{"start":{"line":24,"column":0},"end":{"line":95,"column":null}},"3":{"start":{"line":25,"column":2},"end":{"line":94,"column":null}},"4":{"start":{"line":26,"column":36},"end":{"line":26,"column":44}},"5":{"start":{"line":27,"column":4},"end":{"line":29,"column":null}},"6":{"start":{"line":28,"column":6},"end":{"line":28,"column":null}},"7":{"start":{"line":32,"column":47},"end":{"line":36,"column":6}},"8":{"start":{"line":38,"column":18},"end":{"line":38,"column":113}},"9":{"start":{"line":39,"column":17},"end":{"line":39,"column":50}},"10":{"start":{"line":42,"column":59},"end":{"line":42,"column":107}},"11":{"start":{"line":48,"column":20},"end":{"line":54,"column":7}},"12":{"start":{"line":48,"column":48},"end":{"line":54,"column":5}},"13":{"start":{"line":56,"column":22},"end":{"line":58,"column":7}},"14":{"start":{"line":56,"column":47},"end":{"line":58,"column":5}},"15":{"start":{"line":61,"column":20},"end":{"line":67,"column":5}},"16":{"start":{"line":70,"column":19},"end":{"line":76,"column":7}},"17":{"start":{"line":70,"column":43},"end":{"line":76,"column":5}},"18":{"start":{"line":78,"column":4},"end":{"line":82,"column":null}},"19":{"start":{"line":84,"column":4},"end":{"line":90,"column":null}},"20":{"start":{"line":92,"column":4},"end":{"line":92,"column":null}},"21":{"start":{"line":93,"column":4},"end":{"line":93,"column":null}},"22":{"start":{"line":97,"column":20},"end":{"line":97,"column":42}},"23":{"start":{"line":99,"column":0},"end":{"line":217,"column":null}},"24":{"start":{"line":100,"column":16},"end":{"line":100,"column":30}},"25":{"start":{"line":103,"column":2},"end":{"line":134,"column":null}},"26":{"start":{"line":104,"column":4},"end":{"line":133,"column":null}},"27":{"start":{"line":105,"column":18},"end":{"line":105,"column":20}},"28":{"start":{"line":106,"column":6},"end":{"line":121,"column":null}},"29":{"start":{"line":107,"column":8},"end":{"line":107,"column":null}},"30":{"start":{"line":107,"column":33},"end":{"line":107,"column":null}},"31":{"start":{"line":109,"column":8},"end":{"line":120,"column":null}},"32":{"start":{"line":110,"column":26},"end":{"line":110,"column":49}},"33":{"start":{"line":111,"column":10},"end":{"line":111,"column":null}},"34":{"start":{"line":112,"column":15},"end":{"line":120,"column":null}},"35":{"start":{"line":113,"column":26},"end":{"line":113,"column":49}},"36":{"start":{"line":114,"column":10},"end":{"line":114,"column":null}},"37":{"start":{"line":115,"column":15},"end":{"line":120,"column":null}},"38":{"start":{"line":116,"column":26},"end":{"line":116,"column":48}},"39":{"start":{"line":117,"column":10},"end":{"line":117,"column":null}},"40":{"start":{"line":119,"column":10},"end":{"line":119,"column":null}},"41":{"start":{"line":122,"column":21},"end":{"line":122,"column":51}},"42":{"start":{"line":125,"column":6},"end":{"line":127,"column":null}},"43":{"start":{"line":126,"column":8},"end":{"line":126,"column":null}},"44":{"start":{"line":129,"column":6},"end":{"line":129,"column":null}},"45":{"start":{"line":130,"column":6},"end":{"line":130,"column":null}},"46":{"start":{"line":132,"column":6},"end":{"line":132,"column":null}},"47":{"start":{"line":137,"column":2},"end":{"line":145,"column":null}},"48":{"start":{"line":138,"column":4},"end":{"line":144,"column":null}},"49":{"start":{"line":139,"column":19},"end":{"line":139,"column":68}},"50":{"start":{"line":140,"column":6},"end":{"line":140,"column":null}},"51":{"start":{"line":140,"column":17},"end":{"line":140,"column":null}},"52":{"start":{"line":141,"column":6},"end":{"line":141,"column":null}},"53":{"start":{"line":143,"column":6},"end":{"line":143,"column":null}},"54":{"start":{"line":148,"column":2},"end":{"line":160,"column":null}},"55":{"start":{"line":149,"column":4},"end":{"line":159,"column":null}},"56":{"start":{"line":150,"column":17},"end":{"line":150,"column":126}},"57":{"start":{"line":151,"column":22},"end":{"line":155,"column":7}},"58":{"start":{"line":156,"column":6},"end":{"line":156,"column":null}},"59":{"start":{"line":158,"column":6},"end":{"line":158,"column":null}},"60":{"start":{"line":163,"column":2},"end":{"line":176,"column":null}},"61":{"start":{"line":164,"column":4},"end":{"line":175,"column":null}},"62":{"start":{"line":165,"column":17},"end":{"line":165,"column":72}},"63":{"start":{"line":166,"column":6},"end":{"line":166,"column":null}},"64":{"start":{"line":166,"column":15},"end":{"line":166,"column":null}},"65":{"start":{"line":167,"column":22},"end":{"line":171,"column":7}},"66":{"start":{"line":172,"column":6},"end":{"line":172,"column":null}},"67":{"start":{"line":174,"column":6},"end":{"line":174,"column":null}},"68":{"start":{"line":179,"column":2},"end":{"line":190,"column":null}},"69":{"start":{"line":180,"column":4},"end":{"line":189,"column":null}},"70":{"start":{"line":181,"column":22},"end":{"line":185,"column":7}},"71":{"start":{"line":186,"column":6},"end":{"line":186,"column":null}},"72":{"start":{"line":188,"column":6},"end":{"line":188,"column":null}},"73":{"start":{"line":193,"column":2},"end":{"line":205,"column":null}},"74":{"start":{"line":194,"column":4},"end":{"line":204,"column":null}},"75":{"start":{"line":195,"column":22},"end":{"line":199,"column":7}},"76":{"start":{"line":200,"column":6},"end":{"line":200,"column":null}},"77":{"start":{"line":200,"column":20},"end":{"line":200,"column":null}},"78":{"start":{"line":201,"column":6},"end":{"line":201,"column":null}},"79":{"start":{"line":203,"column":6},"end":{"line":203,"column":null}},"80":{"start":{"line":208,"column":2},"end":{"line":216,"column":null}},"81":{"start":{"line":209,"column":4},"end":{"line":215,"column":null}},"82":{"start":{"line":210,"column":22},"end":{"line":210,"column":80}},"83":{"start":{"line":211,"column":6},"end":{"line":211,"column":null}},"84":{"start":{"line":211,"column":20},"end":{"line":211,"column":null}},"85":{"start":{"line":212,"column":6},"end":{"line":212,"column":null}},"86":{"start":{"line":214,"column":6},"end":{"line":214,"column":null}}},"fnMap":{"0":{"name":"(anonymous_0)","decl":{"start":{"line":24,"column":31},"end":{"line":24,"column":36}},"loc":{"start":{"line":24,"column":51},"end":{"line":95,"column":1}},"line":24},"1":{"name":"(anonymous_1)","decl":{"start":{"line":48,"column":42},"end":{"line":48,"column":43}},"loc":{"start":{"line":48,"column":48},"end":{"line":54,"column":5}},"line":48},"2":{"name":"(anonymous_2)","decl":{"start":{"line":56,"column":41},"end":{"line":56,"column":42}},"loc":{"start":{"line":56,"column":47},"end":{"line":58,"column":5}},"line":56},"3":{"name":"(anonymous_3)","decl":{"start":{"line":70,"column":37},"end":{"line":70,"column":38}},"loc":{"start":{"line":70,"column":43},"end":{"line":76,"column":5}},"line":70},"4":{"name":"(anonymous_4)","decl":{"start":{"line":99,"column":20},"end":{"line":99,"column":23}},"loc":{"start":{"line":99,"column":27},"end":{"line":217,"column":1}},"line":99},"5":{"name":"(anonymous_5)","decl":{"start":{"line":103,"column":24},"end":{"line":103,"column":29}},"loc":{"start":{"line":103,"column":44},"end":{"line":134,"column":3}},"line":103},"6":{"name":"(anonymous_6)","decl":{"start":{"line":137,"column":28},"end":{"line":137,"column":33}},"loc":{"start":{"line":137,"column":48},"end":{"line":145,"column":3}},"line":137},"7":{"name":"(anonymous_7)","decl":{"start":{"line":148,"column":25},"end":{"line":148,"column":30}},"loc":{"start":{"line":148,"column":45},"end":{"line":160,"column":3}},"line":148},"8":{"name":"(anonymous_8)","decl":{"start":{"line":163,"column":24},"end":{"line":163,"column":29}},"loc":{"start":{"line":163,"column":44},"end":{"line":176,"column":3}},"line":163},"9":{"name":"(anonymous_9)","decl":{"start":{"line":179,"column":28},"end":{"line":179,"column":33}},"loc":{"start":{"line":179,"column":48},"end":{"line":190,"column":3}},"line":179},"10":{"name":"(anonymous_10)","decl":{"start":{"line":193,"column":30},"end":{"line":193,"column":35}},"loc":{"start":{"line":193,"column":50},"end":{"line":205,"column":3}},"line":193},"11":{"name":"(anonymous_11)","decl":{"start":{"line":208,"column":31},"end":{"line":208,"column":36}},"loc":{"start":{"line":208,"column":51},"end":{"line":216,"column":3}},"line":208}},"branchMap":{"0":{"loc":{"start":{"line":27,"column":4},"end":{"line":29,"column":null}},"type":"if","locations":[{"start":{"line":27,"column":4},"end":{"line":29,"column":null}},{"start":{},"end":{}}],"line":27},"1":{"loc":{"start":{"line":27,"column":8},"end":{"line":27,"column":46}},"type":"binary-expr","locations":[{"start":{"line":27,"column":8},"end":{"line":27,"column":19}},{"start":{"line":27,"column":23},"end":{"line":27,"column":46}}],"line":27},"2":{"loc":{"start":{"line":38,"column":18},"end":{"line":38,"column":113}},"type":"binary-expr","locations":[{"start":{"line":38,"column":18},"end":{"line":38,"column":29}},{"start":{"line":38,"column":33},"end":{"line":38,"column":113}}],"line":38},"3":{"loc":{"start":{"line":107,"column":8},"end":{"line":107,"column":null}},"type":"if","locations":[{"start":{"line":107,"column":8},"end":{"line":107,"column":null}},{"start":{},"end":{}}],"line":107},"4":{"loc":{"start":{"line":109,"column":8},"end":{"line":120,"column":null}},"type":"if","locations":[{"start":{"line":109,"column":8},"end":{"line":120,"column":null}},{"start":{"line":112,"column":15},"end":{"line":120,"column":null}}],"line":109},"5":{"loc":{"start":{"line":112,"column":15},"end":{"line":120,"column":null}},"type":"if","locations":[{"start":{"line":112,"column":15},"end":{"line":120,"column":null}},{"start":{"line":115,"column":15},"end":{"line":120,"column":null}}],"line":112},"6":{"loc":{"start":{"line":115,"column":15},"end":{"line":120,"column":null}},"type":"if","locations":[{"start":{"line":115,"column":15},"end":{"line":120,"column":null}},{"start":{"line":118,"column":15},"end":{"line":120,"column":null}}],"line":115},"7":{"loc":{"start":{"line":125,"column":6},"end":{"line":127,"column":null}},"type":"if","locations":[{"start":{"line":125,"column":6},"end":{"line":127,"column":null}},{"start":{},"end":{}}],"line":125},"8":{"loc":{"start":{"line":125,"column":10},"end":{"line":125,"column":47}},"type":"binary-expr","locations":[{"start":{"line":125,"column":10},"end":{"line":125,"column":25}},{"start":{"line":125,"column":29},"end":{"line":125,"column":47}}],"line":125},"9":{"loc":{"start":{"line":126,"column":24},"end":{"line":126,"column":39}},"type":"binary-expr","locations":[{"start":{"line":126,"column":24},"end":{"line":126,"column":33}},{"start":{"line":126,"column":37},"end":{"line":126,"column":39}}],"line":126},"10":{"loc":{"start":{"line":140,"column":6},"end":{"line":140,"column":null}},"type":"if","locations":[{"start":{"line":140,"column":6},"end":{"line":140,"column":null}},{"start":{},"end":{}}],"line":140},"11":{"loc":{"start":{"line":150,"column":17},"end":{"line":150,"column":126}},"type":"cond-expr","locations":[{"start":{"line":150,"column":45},"end":{"line":150,"column":56}},{"start":{"line":150,"column":60},"end":{"line":150,"column":125}}],"line":150},"12":{"loc":{"start":{"line":150,"column":60},"end":{"line":150,"column":125}},"type":"cond-expr","locations":[{"start":{"line":150,"column":100},"end":{"line":150,"column":101}},{"start":{"line":150,"column":104},"end":{"line":150,"column":125}}],"line":150},"13":{"loc":{"start":{"line":150,"column":60},"end":{"line":150,"column":97}},"type":"binary-expr","locations":[{"start":{"line":150,"column":60},"end":{"line":150,"column":75}},{"start":{"line":150,"column":79},"end":{"line":150,"column":97}}],"line":150},"14":{"loc":{"start":{"line":165,"column":17},"end":{"line":165,"column":72}},"type":"cond-expr","locations":[{"start":{"line":165,"column":57},"end":{"line":165,"column":58}},{"start":{"line":165,"column":61},"end":{"line":165,"column":72}}],"line":165},"15":{"loc":{"start":{"line":165,"column":17},"end":{"line":165,"column":54}},"type":"binary-expr","locations":[{"start":{"line":165,"column":17},"end":{"line":165,"column":32}},{"start":{"line":165,"column":36},"end":{"line":165,"column":54}}],"line":165},"16":{"loc":{"start":{"line":166,"column":6},"end":{"line":166,"column":null}},"type":"if","locations":[{"start":{"line":166,"column":6},"end":{"line":166,"column":null}},{"start":{},"end":{}}],"line":166},"17":{"loc":{"start":{"line":200,"column":6},"end":{"line":200,"column":null}},"type":"if","locations":[{"start":{"line":200,"column":6},"end":{"line":200,"column":null}},{"start":{},"end":{}}],"line":200},"18":{"loc":{"start":{"line":211,"column":6},"end":{"line":211,"column":null}},"type":"if","locations":[{"start":{"line":211,"column":6},"end":{"line":211,"column":null}},{"start":{},"end":{}}],"line":211}},"s":{"0":3,"1":3,"2":3,"3":10,"4":10,"5":10,"6":2,"7":8,"8":7,"9":10,"10":10,"11":10,"12":15,"13":10,"14":1,"15":10,"16":10,"17":7,"18":10,"19":7,"20":1,"21":1,"22":3,"23":3,"24":18,"25":18,"26":0,"27":0,"28":0,"29":0,"30":0,"31":0,"32":0,"33":0,"34":0,"35":0,"36":0,"37":0,"38":0,"39":0,"40":0,"41":0,"42":0,"43":0,"44":0,"45":0,"46":0,"47":18,"48":0,"49":0,"50":0,"51":0,"52":0,"53":0,"54":18,"55":1,"56":1,"57":1,"58":1,"59":0,"60":18,"61":0,"62":0,"63":0,"64":0,"65":0,"66":0,"67":0,"68":18,"69":0,"70":0,"71":0,"72":0,"73":18,"74":0,"75":0,"76":0,"77":0,"78":0,"79":0,"80":18,"81":2,"82":2,"83":2,"84":1,"85":1,"86":0},"f":{"0":10,"1":15,"2":1,"3":7,"4":18,"5":0,"6":0,"7":1,"8":0,"9":0,"10":0,"11":2},"b":{"0":[2,8],"1":[10,9],"2":[7,0],"3":[0,0],"4":[0,0],"5":[0,0],"6":[0,0],"7":[0,0],"8":[0,0],"9":[0,0],"10":[0,0],"11":[1,0],"12":[0,0],"13":[0,0],"14":[0,0],"15":[0,0],"16":[0,0],"17":[0,0],"18":[1,1]},"meta":{"lastBranch":19,"lastFunction":12,"lastStatement":87,"seen":{"s:12:14:12:44":0,"s:14:18:21:1":1,"s:24:0:95:Infinity":2,"f:24:31:24:36":0,"s:25:2:94:Infinity":3,"s:26:36:26:44":4,"b:27:4:29:Infinity:undefined:undefined:undefined:undefined":0,"s:27:4:29:Infinity":5,"b:27:8:27:19:27:23:27:46":1,"s:28:6:28:Infinity":6,"s:32:47:36:6":7,"s:38:18:38:113":8,"b:38:18:38:29:38:33:38:113":2,"s:39:17:39:50":9,"s:42:59:42:107":10,"s:48:20:54:7":11,"f:48:42:48:43":1,"s:48:48:54:5":12,"s:56:22:58:7":13,"f:56:41:56:42":2,"s:56:47:58:5":14,"s:61:20:67:5":15,"s:70:19:76:7":16,"f:70:37:70:38":3,"s:70:43:76:5":17,"s:78:4:82:Infinity":18,"s:84:4:90:Infinity":19,"s:92:4:92:Infinity":20,"s:93:4:93:Infinity":21,"s:97:20:97:42":22,"s:99:0:217:Infinity":23,"f:99:20:99:23":4,"s:100:16:100:30":24,"s:103:2:134:Infinity":25,"f:103:24:103:29":5,"s:104:4:133:Infinity":26,"s:105:18:105:20":27,"s:106:6:121:Infinity":28,"b:107:8:107:Infinity:undefined:undefined:undefined:undefined":3,"s:107:8:107:Infinity":29,"s:107:33:107:Infinity":30,"b:109:8:120:Infinity:112:15:120:Infinity":4,"s:109:8:120:Infinity":31,"s:110:26:110:49":32,"s:111:10:111:Infinity":33,"b:112:15:120:Infinity:115:15:120:Infinity":5,"s:112:15:120:Infinity":34,"s:113:26:113:49":35,"s:114:10:114:Infinity":36,"b:115:15:120:Infinity:118:15:120:Infinity":6,"s:115:15:120:Infinity":37,"s:116:26:116:48":38,"s:117:10:117:Infinity":39,"s:119:10:119:Infinity":40,"s:122:21:122:51":41,"b:125:6:127:Infinity:undefined:undefined:undefined:undefined":7,"s:125:6:127:Infinity":42,"b:125:10:125:25:125:29:125:47":8,"s:126:8:126:Infinity":43,"b:126:24:126:33:126:37:126:39":9,"s:129:6:129:Infinity":44,"s:130:6:130:Infinity":45,"s:132:6:132:Infinity":46,"s:137:2:145:Infinity":47,"f:137:28:137:33":6,"s:138:4:144:Infinity":48,"s:139:19:139:68":49,"b:140:6:140:Infinity:undefined:undefined:undefined:undefined":10,"s:140:6:140:Infinity":50,"s:140:17:140:Infinity":51,"s:141:6:141:Infinity":52,"s:143:6:143:Infinity":53,"s:148:2:160:Infinity":54,"f:148:25:148:30":7,"s:149:4:159:Infinity":55,"s:150:17:150:126":56,"b:150:45:150:56:150:60:150:125":11,"b:150:100:150:101:150:104:150:125":12,"b:150:60:150:75:150:79:150:97":13,"s:151:22:155:7":57,"s:156:6:156:Infinity":58,"s:158:6:158:Infinity":59,"s:163:2:176:Infinity":60,"f:163:24:163:29":8,"s:164:4:175:Infinity":61,"s:165:17:165:72":62,"b:165:57:165:58:165:61:165:72":14,"b:165:17:165:32:165:36:165:54":15,"b:166:6:166:Infinity:undefined:undefined:undefined:undefined":16,"s:166:6:166:Infinity":63,"s:166:15:166:Infinity":64,"s:167:22:171:7":65,"s:172:6:172:Infinity":66,"s:174:6:174:Infinity":67,"s:179:2:190:Infinity":68,"f:179:28:179:33":9,"s:180:4:189:Infinity":69,"s:181:22:185:7":70,"s:186:6:186:Infinity":71,"s:188:6:188:Infinity":72,"s:193:2:205:Infinity":73,"f:193:30:193:35":10,"s:194:4:204:Infinity":74,"s:195:22:199:7":75,"b:200:6:200:Infinity:undefined:undefined:undefined:undefined":17,"s:200:6:200:Infinity":76,"s:200:20:200:Infinity":77,"s:201:6:201:Infinity":78,"s:203:6:203:Infinity":79,"s:208:2:216:Infinity":80,"f:208:31:208:36":11,"s:209:4:215:Infinity":81,"s:210:22:210:80":82,"b:211:6:211:Infinity:undefined:undefined:undefined:undefined":18,"s:211:6:211:Infinity":83,"s:211:20:211:Infinity":84,"s:212:6:212:Infinity":85,"s:214:6:214:Infinity":86}}}
,"/home/hieund/Documents/english-tool-fe/backend/services/sessionService.js": {"path":"/home/hieund/Documents/english-tool-fe/backend/services/sessionService.js","statementMap":{"0":{"start":{"line":7,"column":12},"end":{"line":7,"column":32}},"1":{"start":{"line":8,"column":2},"end":{"line":8,"column":null}},"2":{"start":{"line":9,"column":2},"end":{"line":9,"column":null}},"3":{"start":{"line":22,"column":2},"end":{"line":22,"column":null}},"4":{"start":{"line":22,"column":32},"end":{"line":22,"column":null}},"5":{"start":{"line":23,"column":20},"end":{"line":23,"column":43}},"6":{"start":{"line":25,"column":21},"end":{"line":25,"column":22}},"7":{"start":{"line":26,"column":22},"end":{"line":26,"column":23}},"8":{"start":{"line":27,"column":25},"end":{"line":27,"column":27}},"9":{"start":{"line":30,"column":2},"end":{"line":64,"column":null}},"10":{"start":{"line":31,"column":24},"end":{"line":31,"column":79}},"11":{"start":{"line":31,"column":49},"end":{"line":31,"column":78}},"12":{"start":{"line":33,"column":4},"end":{"line":63,"column":null}},"13":{"start":{"line":35,"column":6},"end":{"line":35,"column":null}},"14":{"start":{"line":36,"column":19},"end":{"line":36,"column":41}},"15":{"start":{"line":37,"column":42},"end":{"line":37,"column":85}},"16":{"start":{"line":39,"column":6},"end":{"line":53,"column":null}},"17":{"start":{"line":41,"column":26},"end":{"line":41,"column":58}},"18":{"start":{"line":42,"column":8},"end":{"line":42,"column":null}},"19":{"start":{"line":44,"column":8},"end":{"line":44,"column":null}},"20":{"start":{"line":45,"column":8},"end":{"line":45,"column":null}},"21":{"start":{"line":46,"column":8},"end":{"line":46,"column":null}},"22":{"start":{"line":48,"column":8},"end":{"line":52,"column":null}},"23":{"start":{"line":49,"column":10},"end":{"line":49,"column":null}},"24":{"start":{"line":51,"column":10},"end":{"line":51,"column":null}},"25":{"start":{"line":56,"column":6},"end":{"line":56,"column":null}},"26":{"start":{"line":57,"column":27},"end":{"line":57,"column":65}},"27":{"start":{"line":58,"column":21},"end":{"line":58,"column":77}},"28":{"start":{"line":60,"column":6},"end":{"line":60,"column":null}},"29":{"start":{"line":61,"column":6},"end":{"line":61,"column":null}},"30":{"start":{"line":62,"column":6},"end":{"line":62,"column":null}},"31":{"start":{"line":67,"column":2},"end":{"line":69,"column":null}},"32":{"start":{"line":68,"column":4},"end":{"line":68,"column":null}},"33":{"start":{"line":70,"column":16},"end":{"line":70,"column":32}},"34":{"start":{"line":72,"column":2},"end":{"line":104,"column":null}},"35":{"start":{"line":73,"column":4},"end":{"line":73,"column":null}},"36":{"start":{"line":75,"column":22},"end":{"line":75,"column":52}},"37":{"start":{"line":77,"column":4},"end":{"line":84,"column":null}},"38":{"start":{"line":78,"column":6},"end":{"line":78,"column":null}},"39":{"start":{"line":79,"column":6},"end":{"line":79,"column":null}},"40":{"start":{"line":80,"column":11},"end":{"line":84,"column":null}},"41":{"start":{"line":82,"column":6},"end":{"line":82,"column":null}},"42":{"start":{"line":83,"column":6},"end":{"line":83,"column":null}},"43":{"start":{"line":86,"column":4},"end":{"line":86,"column":null}},"44":{"start":{"line":89,"column":4},"end":{"line":89,"column":null}},"45":{"start":{"line":89,"column":30},"end":{"line":89,"column":null}},"46":{"start":{"line":90,"column":20},"end":{"line":90,"column":39}},"47":{"start":{"line":92,"column":27},"end":{"line":92,"column":88}},"48":{"start":{"line":92,"column":50},"end":{"line":92,"column":87}},"49":{"start":{"line":93,"column":4},"end":{"line":103,"column":null}},"50":{"start":{"line":94,"column":6},"end":{"line":94,"column":null}},"51":{"start":{"line":95,"column":6},"end":{"line":95,"column":null}},"52":{"start":{"line":97,"column":6},"end":{"line":102,"column":null}},"53":{"start":{"line":106,"column":2},"end":{"line":106,"column":null}}},"fnMap":{"0":{"name":"getYesterdayString","decl":{"start":{"line":6,"column":9},"end":{"line":6,"column":27}},"loc":{"start":{"line":6,"column":40},"end":{"line":10,"column":null}},"line":6},"1":{"name":"processSessionFinish","decl":{"start":{"line":21,"column":16},"end":{"line":21,"column":36}},"loc":{"start":{"line":21,"column":70},"end":{"line":107,"column":null}},"line":21},"2":{"name":"(anonymous_2)","decl":{"start":{"line":30,"column":18},"end":{"line":30,"column":19}},"loc":{"start":{"line":30,"column":70},"end":{"line":64,"column":3}},"line":30},"3":{"name":"(anonymous_3)","decl":{"start":{"line":31,"column":44},"end":{"line":31,"column":45}},"loc":{"start":{"line":31,"column":49},"end":{"line":31,"column":78}},"line":31},"4":{"name":"(anonymous_4)","decl":{"start":{"line":92,"column":45},"end":{"line":92,"column":46}},"loc":{"start":{"line":92,"column":50},"end":{"line":92,"column":87}},"line":92}},"branchMap":{"0":{"loc":{"start":{"line":22,"column":2},"end":{"line":22,"column":null}},"type":"if","locations":[{"start":{"line":22,"column":2},"end":{"line":22,"column":null}},{"start":{},"end":{}}],"line":22},"1":{"loc":{"start":{"line":33,"column":4},"end":{"line":63,"column":null}},"type":"if","locations":[{"start":{"line":33,"column":4},"end":{"line":63,"column":null}},{"start":{"line":54,"column":11},"end":{"line":63,"column":null}}],"line":33},"2":{"loc":{"start":{"line":39,"column":6},"end":{"line":53,"column":null}},"type":"if","locations":[{"start":{"line":39,"column":6},"end":{"line":53,"column":null}},{"start":{"line":43,"column":13},"end":{"line":53,"column":null}}],"line":39},"3":{"loc":{"start":{"line":48,"column":8},"end":{"line":52,"column":null}},"type":"if","locations":[{"start":{"line":48,"column":8},"end":{"line":52,"column":null}},{"start":{"line":50,"column":15},"end":{"line":52,"column":null}}],"line":48},"4":{"loc":{"start":{"line":49,"column":31},"end":{"line":49,"column":53}},"type":"binary-expr","locations":[{"start":{"line":49,"column":31},"end":{"line":49,"column":48}},{"start":{"line":49,"column":52},"end":{"line":49,"column":53}}],"line":49},"5":{"loc":{"start":{"line":51,"column":33},"end":{"line":51,"column":57}},"type":"binary-expr","locations":[{"start":{"line":51,"column":33},"end":{"line":51,"column":52}},{"start":{"line":51,"column":56},"end":{"line":51,"column":57}}],"line":51},"6":{"loc":{"start":{"line":57,"column":27},"end":{"line":57,"column":65}},"type":"cond-expr","locations":[{"start":{"line":57,"column":60},"end":{"line":57,"column":61}},{"start":{"line":57,"column":64},"end":{"line":57,"column":65}}],"line":57},"7":{"loc":{"start":{"line":57,"column":28},"end":{"line":57,"column":56}},"type":"binary-expr","locations":[{"start":{"line":57,"column":28},"end":{"line":57,"column":37}},{"start":{"line":57,"column":41},"end":{"line":57,"column":56}}],"line":57},"8":{"loc":{"start":{"line":60,"column":29},"end":{"line":60,"column":46}},"type":"cond-expr","locations":[{"start":{"line":60,"column":41},"end":{"line":60,"column":42}},{"start":{"line":60,"column":45},"end":{"line":60,"column":46}}],"line":60},"9":{"loc":{"start":{"line":61,"column":31},"end":{"line":61,"column":48}},"type":"cond-expr","locations":[{"start":{"line":61,"column":43},"end":{"line":61,"column":44}},{"start":{"line":61,"column":47},"end":{"line":61,"column":48}}],"line":61},"10":{"loc":{"start":{"line":67,"column":2},"end":{"line":69,"column":null}},"type":"if","locations":[{"start":{"line":67,"column":2},"end":{"line":69,"column":null}},{"start":{},"end":{}}],"line":67},"11":{"loc":{"start":{"line":72,"column":2},"end":{"line":104,"column":null}},"type":"if","locations":[{"start":{"line":72,"column":2},"end":{"line":104,"column":null}},{"start":{},"end":{}}],"line":72},"12":{"loc":{"start":{"line":72,"column":6},"end":{"line":72,"column":43}},"type":"binary-expr","locations":[{"start":{"line":72,"column":6},"end":{"line":72,"column":22}},{"start":{"line":72,"column":26},"end":{"line":72,"column":43}}],"line":72},"13":{"loc":{"start":{"line":73,"column":31},"end":{"line":73,"column":59}},"type":"binary-expr","locations":[{"start":{"line":73,"column":31},"end":{"line":73,"column":54}},{"start":{"line":73,"column":58},"end":{"line":73,"column":59}}],"line":73},"14":{"loc":{"start":{"line":77,"column":4},"end":{"line":84,"column":null}},"type":"if","locations":[{"start":{"line":77,"column":4},"end":{"line":84,"column":null}},{"start":{"line":80,"column":11},"end":{"line":84,"column":null}}],"line":77},"15":{"loc":{"start":{"line":78,"column":29},"end":{"line":78,"column":53}},"type":"binary-expr","locations":[{"start":{"line":78,"column":29},"end":{"line":78,"column":48}},{"start":{"line":78,"column":52},"end":{"line":78,"column":53}}],"line":78},"16":{"loc":{"start":{"line":79,"column":30},"end":{"line":79,"column":55}},"type":"binary-expr","locations":[{"start":{"line":79,"column":30},"end":{"line":79,"column":50}},{"start":{"line":79,"column":54},"end":{"line":79,"column":55}}],"line":79},"17":{"loc":{"start":{"line":80,"column":11},"end":{"line":84,"column":null}},"type":"if","locations":[{"start":{"line":80,"column":11},"end":{"line":84,"column":null}},{"start":{},"end":{}}],"line":80},"18":{"loc":{"start":{"line":83,"column":30},"end":{"line":83,"column":55}},"type":"binary-expr","locations":[{"start":{"line":83,"column":30},"end":{"line":83,"column":50}},{"start":{"line":83,"column":54},"end":{"line":83,"column":55}}],"line":83},"19":{"loc":{"start":{"line":89,"column":4},"end":{"line":89,"column":null}},"type":"if","locations":[{"start":{"line":89,"column":4},"end":{"line":89,"column":null}},{"start":{},"end":{}}],"line":89},"20":{"loc":{"start":{"line":93,"column":4},"end":{"line":103,"column":null}},"type":"if","locations":[{"start":{"line":93,"column":4},"end":{"line":103,"column":null}},{"start":{"line":96,"column":11},"end":{"line":103,"column":null}}],"line":93},"21":{"loc":{"start":{"line":94,"column":46},"end":{"line":94,"column":87}},"type":"binary-expr","locations":[{"start":{"line":94,"column":46},"end":{"line":94,"column":82}},{"start":{"line":94,"column":86},"end":{"line":94,"column":87}}],"line":94},"22":{"loc":{"start":{"line":95,"column":47},"end":{"line":95,"column":89}},"type":"binary-expr","locations":[{"start":{"line":95,"column":47},"end":{"line":95,"column":84}},{"start":{"line":95,"column":88},"end":{"line":95,"column":89}}],"line":95}},"s":{"0":7,"1":7,"2":7,"3":7,"4":0,"5":7,"6":7,"7":7,"8":7,"9":7,"10":13,"11":14,"12":13,"13":6,"14":6,"15":6,"16":6,"17":1,"18":1,"19":5,"20":5,"21":5,"22":5,"23":4,"24":1,"25":7,"26":7,"27":7,"28":7,"29":7,"30":7,"31":7,"32":0,"33":7,"34":7,"35":7,"36":7,"37":7,"38":5,"39":5,"40":2,"41":1,"42":1,"43":7,"44":7,"45":0,"46":7,"47":7,"48":1,"49":7,"50":1,"51":1,"52":6,"53":7},"f":{"0":7,"1":7,"2":13,"3":14,"4":1},"b":{"0":[0,7],"1":[6,7],"2":[1,5],"3":[4,1],"4":[4,0],"5":[1,1],"6":[3,4],"7":[7,5],"8":[5,2],"9":[5,2],"10":[0,7],"11":[7,0],"12":[7,2],"13":[7,1],"14":[5,2],"15":[5,0],"16":[5,0],"17":[1,1],"18":[1,0],"19":[0,7],"20":[1,6],"21":[1,0],"22":[1,0]},"meta":{"lastBranch":23,"lastFunction":5,"lastStatement":54,"seen":{"f:6:9:6:27":0,"s:7:12:7:32":0,"s:8:2:8:Infinity":1,"s:9:2:9:Infinity":2,"f:21:16:21:36":1,"b:22:2:22:Infinity:undefined:undefined:undefined:undefined":0,"s:22:2:22:Infinity":3,"s:22:32:22:Infinity":4,"s:23:20:23:43":5,"s:25:21:25:22":6,"s:26:22:26:23":7,"s:27:25:27:27":8,"s:30:2:64:Infinity":9,"f:30:18:30:19":2,"s:31:24:31:79":10,"f:31:44:31:45":3,"s:31:49:31:78":11,"b:33:4:63:Infinity:54:11:63:Infinity":1,"s:33:4:63:Infinity":12,"s:35:6:35:Infinity":13,"s:36:19:36:41":14,"s:37:42:37:85":15,"b:39:6:53:Infinity:43:13:53:Infinity":2,"s:39:6:53:Infinity":16,"s:41:26:41:58":17,"s:42:8:42:Infinity":18,"s:44:8:44:Infinity":19,"s:45:8:45:Infinity":20,"s:46:8:46:Infinity":21,"b:48:8:52:Infinity:50:15:52:Infinity":3,"s:48:8:52:Infinity":22,"s:49:10:49:Infinity":23,"b:49:31:49:48:49:52:49:53":4,"s:51:10:51:Infinity":24,"b:51:33:51:52:51:56:51:57":5,"s:56:6:56:Infinity":25,"s:57:27:57:65":26,"b:57:60:57:61:57:64:57:65":6,"b:57:28:57:37:57:41:57:56":7,"s:58:21:58:77":27,"s:60:6:60:Infinity":28,"b:60:41:60:42:60:45:60:46":8,"s:61:6:61:Infinity":29,"b:61:43:61:44:61:47:61:48":9,"s:62:6:62:Infinity":30,"b:67:2:69:Infinity:undefined:undefined:undefined:undefined":10,"s:67:2:69:Infinity":31,"s:68:4:68:Infinity":32,"s:70:16:70:32":33,"b:72:2:104:Infinity:undefined:undefined:undefined:undefined":11,"s:72:2:104:Infinity":34,"b:72:6:72:22:72:26:72:43":12,"s:73:4:73:Infinity":35,"b:73:31:73:54:73:58:73:59":13,"s:75:22:75:52":36,"b:77:4:84:Infinity:80:11:84:Infinity":14,"s:77:4:84:Infinity":37,"s:78:6:78:Infinity":38,"b:78:29:78:48:78:52:78:53":15,"s:79:6:79:Infinity":39,"b:79:30:79:50:79:54:79:55":16,"b:80:11:84:Infinity:undefined:undefined:undefined:undefined":17,"s:80:11:84:Infinity":40,"s:82:6:82:Infinity":41,"s:83:6:83:Infinity":42,"b:83:30:83:50:83:54:83:55":18,"s:86:4:86:Infinity":43,"b:89:4:89:Infinity:undefined:undefined:undefined:undefined":19,"s:89:4:89:Infinity":44,"s:89:30:89:Infinity":45,"s:90:20:90:39":46,"s:92:27:92:88":47,"f:92:45:92:46":4,"s:92:50:92:87":48,"b:93:4:103:Infinity:96:11:103:Infinity":20,"s:93:4:103:Infinity":49,"s:94:6:94:Infinity":50,"b:94:46:94:82:94:86:94:87":21,"s:95:6:95:Infinity":51,"b:95:47:95:84:95:88:95:89":22,"s:97:6:102:Infinity":52,"s:106:2:106:Infinity":53}}}
,"/home/hieund/Documents/english-tool-fe/backend/services/spacedRepetition.js": {"path":"/home/hieund/Documents/english-tool-fe/backend/services/spacedRepetition.js","statementMap":{"0":{"start":{"line":2,"column":18},"end":{"line":8,"column":1}},"1":{"start":{"line":16,"column":35},"end":{"line":33,"column":1}},"2":{"start":{"line":17,"column":17},"end":{"line":17,"column":29}},"3":{"start":{"line":19,"column":2},"end":{"line":23,"column":null}},"4":{"start":{"line":20,"column":4},"end":{"line":20,"column":null}},"5":{"start":{"line":22,"column":4},"end":{"line":22,"column":null}},"6":{"start":{"line":25,"column":20},"end":{"line":25,"column":66}},"7":{"start":{"line":26,"column":15},"end":{"line":26,"column":25}},"8":{"start":{"line":27,"column":2},"end":{"line":27,"column":null}},"9":{"start":{"line":29,"column":2},"end":{"line":32,"column":null}},"10":{"start":{"line":42,"column":41},"end":{"line":57,"column":1}},"11":{"start":{"line":45,"column":39},"end":{"line":45,"column":82}},"12":{"start":{"line":47,"column":2},"end":{"line":56,"column":null}}},"fnMap":{"0":{"name":"(anonymous_0)","decl":{"start":{"line":16,"column":35},"end":{"line":16,"column":36}},"loc":{"start":{"line":16,"column":64},"end":{"line":33,"column":1}},"line":16},"1":{"name":"(anonymous_1)","decl":{"start":{"line":42,"column":41},"end":{"line":42,"column":42}},"loc":{"start":{"line":42,"column":79},"end":{"line":57,"column":1}},"line":42}},"branchMap":{"0":{"loc":{"start":{"line":19,"column":2},"end":{"line":23,"column":null}},"type":"if","locations":[{"start":{"line":19,"column":2},"end":{"line":23,"column":null}},{"start":{"line":21,"column":9},"end":{"line":23,"column":null}}],"line":19},"1":{"loc":{"start":{"line":25,"column":20},"end":{"line":25,"column":66}},"type":"cond-expr","locations":[{"start":{"line":25,"column":33},"end":{"line":25,"column":61}},{"start":{"line":25,"column":65},"end":{"line":25,"column":66}}],"line":25},"2":{"loc":{"start":{"line":25,"column":33},"end":{"line":25,"column":61}},"type":"binary-expr","locations":[{"start":{"line":25,"column":33},"end":{"line":25,"column":56}},{"start":{"line":25,"column":60},"end":{"line":25,"column":61}}],"line":25},"3":{"loc":{"start":{"line":42,"column":58},"end":{"line":42,"column":74}},"type":"default-arg","locations":[{"start":{"line":42,"column":73},"end":{"line":42,"column":74}}],"line":42}},"s":{"0":3,"1":3,"2":13,"3":13,"4":12,"5":1,"6":13,"7":13,"8":13,"9":13,"10":3,"11":7,"12":7},"f":{"0":13,"1":7},"b":{"0":[12,1],"1":[12,1],"2":[12,4],"3":[7]},"meta":{"lastBranch":4,"lastFunction":2,"lastStatement":13,"seen":{"s:2:18:8:1":0,"s:16:35:33:1":1,"f:16:35:16:36":0,"s:17:17:17:29":2,"b:19:2:23:Infinity:21:9:23:Infinity":0,"s:19:2:23:Infinity":3,"s:20:4:20:Infinity":4,"s:22:4:22:Infinity":5,"s:25:20:25:66":6,"b:25:33:25:61:25:65:25:66":1,"b:25:33:25:56:25:60:25:61":2,"s:26:15:26:25":7,"s:27:2:27:Infinity":8,"s:29:2:32:Infinity":9,"s:42:41:57:1":10,"f:42:41:42:42":1,"b:42:73:42:74":3,"s:45:39:45:82":11,"s:47:2:56:Infinity":12}}}
,"/home/hieund/Documents/english-tool-fe/backend/utils/logger.js": {"path":"/home/hieund/Documents/english-tool-fe/backend/utils/logger.js","statementMap":{"0":{"start":{"line":7,"column":4},"end":{"line":7,"column":null}},"1":{"start":{"line":11,"column":4},"end":{"line":13,"column":null}},"2":{"start":{"line":12,"column":6},"end":{"line":12,"column":null}},"3":{"start":{"line":17,"column":18},"end":{"line":17,"column":56}},"4":{"start":{"line":18,"column":4},"end":{"line":18,"column":null}},"5":{"start":{"line":22,"column":15},"end":{"line":22,"column":39}},"6":{"start":{"line":23,"column":21},"end":{"line":23,"column":23}},"7":{"start":{"line":25,"column":4},"end":{"line":36,"column":null}},"8":{"start":{"line":26,"column":6},"end":{"line":35,"column":null}},"9":{"start":{"line":27,"column":8},"end":{"line":27,"column":null}},"10":{"start":{"line":30,"column":8},"end":{"line":34,"column":null}},"11":{"start":{"line":31,"column":10},"end":{"line":31,"column":null}},"12":{"start":{"line":33,"column":10},"end":{"line":33,"column":null}},"13":{"start":{"line":38,"column":20},"end":{"line":38,"column":66}},"14":{"start":{"line":40,"column":4},"end":{"line":52,"column":null}},"15":{"start":{"line":41,"column":6},"end":{"line":41,"column":null}},"16":{"start":{"line":42,"column":6},"end":{"line":42,"column":null}},"17":{"start":{"line":45,"column":6},"end":{"line":49,"column":null}},"18":{"start":{"line":46,"column":8},"end":{"line":46,"column":null}},"19":{"start":{"line":48,"column":8},"end":{"line":48,"column":null}},"20":{"start":{"line":51,"column":6},"end":{"line":51,"column":null}},"21":{"start":{"line":56,"column":4},"end":{"line":56,"column":null}},"22":{"start":{"line":60,"column":4},"end":{"line":60,"column":null}},"23":{"start":{"line":64,"column":4},"end":{"line":64,"column":null}},"24":{"start":{"line":68,"column":4},"end":{"line":68,"column":null}},"25":{"start":{"line":72,"column":22},"end":{"line":72,"column":34}}},"fnMap":{"0":{"name":"(anonymous_0)","decl":{"start":{"line":6,"column":2},"end":{"line":6,"column":13}},"loc":{"start":{"line":6,"column":16},"end":{"line":8,"column":null}},"line":6},"1":{"name":"(anonymous_1)","decl":{"start":{"line":10,"column":2},"end":{"line":10,"column":14}},"loc":{"start":{"line":10,"column":17},"end":{"line":14,"column":null}},"line":10},"2":{"name":"(anonymous_2)","decl":{"start":{"line":16,"column":2},"end":{"line":16,"column":17}},"loc":{"start":{"line":16,"column":20},"end":{"line":19,"column":null}},"line":16},"3":{"name":"(anonymous_3)","decl":{"start":{"line":21,"column":2},"end":{"line":21,"column":8}},"loc":{"start":{"line":21,"column":36},"end":{"line":53,"column":null}},"line":21},"4":{"name":"(anonymous_4)","decl":{"start":{"line":55,"column":2},"end":{"line":55,"column":6}},"loc":{"start":{"line":55,"column":22},"end":{"line":57,"column":null}},"line":55},"5":{"name":"(anonymous_5)","decl":{"start":{"line":59,"column":2},"end":{"line":59,"column":6}},"loc":{"start":{"line":59,"column":22},"end":{"line":61,"column":null}},"line":59},"6":{"name":"(anonymous_6)","decl":{"start":{"line":63,"column":2},"end":{"line":63,"column":7}},"loc":{"start":{"line":63,"column":30},"end":{"line":65,"column":null}},"line":63},"7":{"name":"(anonymous_7)","decl":{"start":{"line":67,"column":2},"end":{"line":67,"column":7}},"loc":{"start":{"line":67,"column":23},"end":{"line":69,"column":null}},"line":67}},"branchMap":{"0":{"loc":{"start":{"line":11,"column":4},"end":{"line":13,"column":null}},"type":"if","locations":[{"start":{"line":11,"column":4},"end":{"line":13,"column":null}},{"start":{},"end":{}}],"line":11},"1":{"loc":{"start":{"line":21,"column":25},"end":{"line":21,"column":34}},"type":"default-arg","locations":[{"start":{"line":21,"column":32},"end":{"line":21,"column":34}}],"line":21},"2":{"loc":{"start":{"line":25,"column":4},"end":{"line":36,"column":null}},"type":"if","locations":[{"start":{"line":25,"column":4},"end":{"line":36,"column":null}},{"start":{},"end":{}}],"line":25},"3":{"loc":{"start":{"line":25,"column":8},"end":{"line":25,"column":61}},"type":"binary-expr","locations":[{"start":{"line":25,"column":8},"end":{"line":25,"column":36}},{"start":{"line":25,"column":40},"end":{"line":25,"column":61}}],"line":25},"4":{"loc":{"start":{"line":26,"column":6},"end":{"line":35,"column":null}},"type":"if","locations":[{"start":{"line":26,"column":6},"end":{"line":35,"column":null}},{"start":{"line":28,"column":13},"end":{"line":35,"column":null}}],"line":26},"5":{"loc":{"start":{"line":26,"column":10},"end":{"line":26,"column":45}},"type":"binary-expr","locations":[{"start":{"line":26,"column":10},"end":{"line":26,"column":31}},{"start":{"line":26,"column":35},"end":{"line":26,"column":45}}],"line":26},"6":{"loc":{"start":{"line":27,"column":25},"end":{"line":27,"column":59}},"type":"binary-expr","locations":[{"start":{"line":27,"column":25},"end":{"line":27,"column":35}},{"start":{"line":27,"column":39},"end":{"line":27,"column":51}},{"start":{"line":27,"column":55},"end":{"line":27,"column":59}}],"line":27},"7":{"loc":{"start":{"line":45,"column":6},"end":{"line":49,"column":null}},"type":"if","locations":[{"start":{"line":45,"column":6},"end":{"line":49,"column":null}},{"start":{"line":47,"column":13},"end":{"line":49,"column":null}}],"line":45},"8":{"loc":{"start":{"line":48,"column":45},"end":{"line":48,"column":85}},"type":"cond-expr","locations":[{"start":{"line":48,"column":76},"end":{"line":48,"column":80}},{"start":{"line":48,"column":83},"end":{"line":48,"column":85}}],"line":48}},"s":{"0":1,"1":5,"2":2,"3":3,"4":3,"5":2,"6":2,"7":2,"8":2,"9":1,"10":1,"11":1,"12":0,"13":2,"14":2,"15":2,"16":2,"17":2,"18":1,"19":1,"20":0,"21":1,"22":0,"23":1,"24":0,"25":1},"f":{"0":1,"1":5,"2":3,"3":2,"4":1,"5":0,"6":1,"7":0},"b":{"0":[2,3],"1":[2],"2":[2,0],"3":[2,1],"4":[1,1],"5":[2,1],"6":[1,0,0],"7":[1,1],"8":[1,0]},"meta":{"lastBranch":9,"lastFunction":8,"lastStatement":26,"seen":{"f:6:2:6:13":0,"s:7:4:7:Infinity":0,"f:10:2:10:14":1,"b:11:4:13:Infinity:undefined:undefined:undefined:undefined":0,"s:11:4:13:Infinity":1,"s:12:6:12:Infinity":2,"f:16:2:16:17":2,"s:17:18:17:56":3,"s:18:4:18:Infinity":4,"f:21:2:21:8":3,"b:21:32:21:34":1,"s:22:15:22:39":5,"s:23:21:23:23":6,"b:25:4:36:Infinity:undefined:undefined:undefined:undefined":2,"s:25:4:36:Infinity":7,"b:25:8:25:36:25:40:25:61":3,"b:26:6:35:Infinity:28:13:35:Infinity":4,"s:26:6:35:Infinity":8,"b:26:10:26:31:26:35:26:45":5,"s:27:8:27:Infinity":9,"b:27:25:27:35:27:39:27:51:27:55:27:59":6,"s:30:8:34:Infinity":10,"s:31:10:31:Infinity":11,"s:33:10:33:Infinity":12,"s:38:20:38:66":13,"s:40:4:52:Infinity":14,"s:41:6:41:Infinity":15,"s:42:6:42:Infinity":16,"b:45:6:49:Infinity:47:13:49:Infinity":7,"s:45:6:49:Infinity":17,"s:46:8:46:Infinity":18,"s:48:8:48:Infinity":19,"b:48:76:48:80:48:83:48:85":8,"s:51:6:51:Infinity":20,"f:55:2:55:6":4,"s:56:4:56:Infinity":21,"f:59:2:59:6":5,"s:60:4:60:Infinity":22,"f:63:2:63:7":6,"s:64:4:64:Infinity":23,"f:67:2:67:7":7,"s:68:4:68:Infinity":24,"s:72:22:72:34":25}}}
,"/home/hieund/Documents/english-tool-fe/src/pages/listening/listening.utils.ts": {"path":"/home/hieund/Documents/english-tool-fe/src/pages/listening/listening.utils.ts","statementMap":{"0":{"start":{"line":10,"column":2},"end":{"line":14,"column":null}}},"fnMap":{"0":{"name":"normalizeText","decl":{"start":{"line":9,"column":16},"end":{"line":9,"column":30}},"loc":{"start":{"line":9,"column":52},"end":{"line":15,"column":null}},"line":9}},"branchMap":{},"s":{"0":10},"f":{"0":10},"b":{},"meta":{"lastBranch":0,"lastFunction":1,"lastStatement":1,"seen":{"f:9:16:9:30":0,"s:10:2:14:Infinity":0}}}
}
